# JRE version: OpenJDK Runtime Environment Temurin-21.0.10+7 (21.0.10+7) (build 21.0.10+7-LTS)
# Java VM: OpenJDK 64-Bit Server VM Temurin-21.0.10+7 (21.0.10+7-LTS, mixed mode, sharing, tiered, compressed oops, compressed class ptrs, parallel gc, windows-amd64)
GC Precious Log:
 CardTable entry size: 512
 CPUs: 8 total, 8 available
 Memory: 16166M
 Large Page Support: Disabled
 NUMA Support: Disabled
 Compressed Oops: Enabled (32-bit)
 Alignments: Space 512K, Generation 512K, Heap 2M
 Heap Min Capacity: 100M
 Heap Initial Capacity: 100M
 Heap Max Capacity: 2G
 Pre-touch: Disabled
 Parallel Workers: 8
Heap:
 PSYoungGen      total 4608K, used 3788K [0x00000000d5580000, 0x00000000d5c00000, 0x0000000100000000)
  eden space 4096K, 85% used [0x00000000d5580000,0x00000000d58eb370,0x00000000d5980000)
  from space 512K, 56% used [0x00000000d5b00000,0x00000000d5b48020,0x00000000d5b80000)
  to   space 512K, 0% used [0x00000000d5b80000,0x00000000d5b80000,0x00000000d5c00000)
 ParOldGen       total 561152K, used 392829K [0x0000000080000000, 0x00000000a2400000, 0x00000000d5580000)
  object space 561152K, 70% used [0x0000000080000000,0x0000000097f9f6e0,0x00000000a2400000)
 Metaspace       used 82262K, committed 84032K, reserved 1179648K
  class space    used 8427K, committed 9216K, reserved 1048576K
GC Heap History (20 events):
Event: 1135.027 GC heap before
{Heap before GC invocations=968 (full 4):
 PSYoungGen      total 5120K, used 4901K [0x00000000d5580000, 0x00000000d5f00000, 0x0000000100000000)
  eden space 2560K, 93% used [0x00000000d5580000,0x00000000d57d4b78,0x00000000d5800000)
  from space 2560K, 98% used [0x00000000d5800000,0x00000000d5a74900,0x00000000d5a80000)
  to   space 3584K, 0% used [0x00000000d5b80000,0x00000000d5b80000,0x00000000d5f00000)
 ParOldGen       total 561152K, used 379221K [0x0000000080000000, 0x00000000a2400000, 0x00000000d5580000)
  object space 561152K, 67% used [0x0000000080000000,0x0000000097255740,0x00000000a2400000)
 Metaspace       used 82196K, committed 83968K, reserved 1179648K
  class space    used 8426K, committed 9216K, reserved 1048576K
}
Event: 1135.029 GC heap after
{Heap after GC invocations=968 (full 4):
 PSYoungGen      total 4608K, used 1947K [0x00000000d5580000, 0x00000000d5d80000, 0x0000000100000000)
  eden space 2560K, 0% used [0x00000000d5580000,0x00000000d5580000,0x00000000d5800000)
  from space 2048K, 95% used [0x00000000d5b80000,0x00000000d5d66e40,0x00000000d5d80000)
  to   space 2560K, 0% used [0x00000000d5880000,0x00000000d5880000,0x00000000d5b00000)
 ParOldGen       total 561152K, used 381613K [0x0000000080000000, 0x00000000a2400000, 0x00000000d5580000)
  object space 561152K, 68% used [0x0000000080000000,0x00000000974ab740,0x00000000a2400000)
 Metaspace       used 82196K, committed 83968K, reserved 1179648K
  class space    used 8426K, committed 9216K, reserved 1048576K
}
Event: 1135.033 GC heap before
{Heap before GC invocations=969 (full 4):
 PSYoungGen      total 4608K, used 4507K [0x00000000d5580000, 0x00000000d5d80000, 0x0000000100000000)
  eden space 2560K, 100% used [0x00000000d5580000,0x00000000d5800000,0x00000000d5800000)
  from space 2048K, 95% used [0x00000000d5b80000,0x00000000d5d66e40,0x00000000d5d80000)
  to   space 2560K, 0% used [0x00000000d5880000,0x00000000d5880000,0x00000000d5b00000)
 ParOldGen       total 561152K, used 381613K [0x0000000080000000, 0x00000000a2400000, 0x00000000d5580000)
  object space 561152K, 68% used [0x0000000080000000,0x00000000974ab740,0x00000000a2400000)
 Metaspace       used 82196K, committed 83968K, reserved 1179648K
  class space    used 8426K, committed 9216K, reserved 1048576K
}
Event: 1135.035 GC heap after
{Heap after GC invocations=969 (full 4):
 PSYoungGen      total 5120K, used 2537K [0x00000000d5580000, 0x00000000d6200000, 0x0000000100000000)
  eden space 2560K, 0% used [0x00000000d5580000,0x00000000d5580000,0x00000000d5800000)
  from space 2560K, 99% used [0x00000000d5880000,0x00000000d5afa640,0x00000000d5b00000)
  to   space 5120K, 0% used [0x00000000d5d00000,0x00000000d5d00000,0x00000000d6200000)
 ParOldGen       total 561152K, used 383553K [0x0000000080000000, 0x00000000a2400000, 0x00000000d5580000)
  object space 561152K, 68% used [0x0000000080000000,0x0000000097690580,0x00000000a2400000)
 Metaspace       used 82196K, committed 83968K, reserved 1179648K
  class space    used 8426K, committed 9216K, reserved 1048576K
}
Event: 1135.040 GC heap before
{Heap before GC invocations=970 (full 4):
 PSYoungGen      total 5120K, used 4964K [0x00000000d5580000, 0x00000000d6200000, 0x0000000100000000)
  eden space 2560K, 94% used [0x00000000d5580000,0x00000000d57deac0,0x00000000d5800000)
  from space 2560K, 99% used [0x00000000d5880000,0x00000000d5afa640,0x00000000d5b00000)
  to   space 5120K, 0% used [0x00000000d5d00000,0x00000000d5d00000,0x00000000d6200000)
 ParOldGen       total 561152K, used 383553K [0x0000000080000000, 0x00000000a2400000, 0x00000000d5580000)
  object space 561152K, 68% used [0x0000000080000000,0x0000000097690580,0x00000000a2400000)
 Metaspace       used 82196K, committed 83968K, reserved 1179648K
  class space    used 8426K, committed 9216K, reserved 1048576K
}
Event: 1135.043 GC heap after
{Heap after GC invocations=970 (full 4):
 PSYoungGen      total 5632K, used 2292K [0x00000000d5580000, 0x00000000d5f80000, 0x0000000100000000)
  eden space 3072K, 0% used [0x00000000d5580000,0x00000000d5580000,0x00000000d5880000)
  from space 2560K, 89% used [0x00000000d5d00000,0x00000000d5f3d000,0x00000000d5f80000)
  to   space 3584K, 0% used [0x00000000d5880000,0x00000000d5880000,0x00000000d5c00000)
 ParOldGen       total 561152K, used 386300K [0x0000000080000000, 0x00000000a2400000, 0x00000000d5580000)
  object space 561152K, 68% used [0x0000000080000000,0x000000009793f200,0x00000000a2400000)
 Metaspace       used 82196K, committed 83968K, reserved 1179648K
  class space    used 8426K, committed 9216K, reserved 1048576K
}
Event: 1135.068 GC heap before
{Heap before GC invocations=971 (full 4):
 PSYoungGen      total 5632K, used 5285K [0x00000000d5580000, 0x00000000d5f80000, 0x0000000100000000)
  eden space 3072K, 97% used [0x00000000d5580000,0x00000000d586c638,0x00000000d5880000)
  from space 2560K, 89% used [0x00000000d5d00000,0x00000000d5f3d000,0x00000000d5f80000)
  to   space 3584K, 0% used [0x00000000d5880000,0x00000000d5880000,0x00000000d5c00000)
 ParOldGen       total 561152K, used 386300K [0x0000000080000000, 0x00000000a2400000, 0x00000000d5580000)
  object space 561152K, 68% used [0x0000000080000000,0x000000009793f200,0x00000000a2400000)
 Metaspace       used 82196K, committed 83968K, reserved 1179648K
  class space    used 8426K, committed 9216K, reserved 1048576K
}
Event: 1135.071 GC heap after
{Heap after GC invocations=971 (full 4):
 PSYoungGen      total 6656K, used 2022K [0x00000000d5580000, 0x00000000d5e80000, 0x0000000100000000)
  eden space 3072K, 0% used [0x00000000d5580000,0x00000000d5580000,0x00000000d5880000)
  from space 3584K, 56% used [0x00000000d5880000,0x00000000d5a79870,0x00000000d5c00000)
  to   space 2560K, 0% used [0x00000000d5c00000,0x00000000d5c00000,0x00000000d5e80000)
 ParOldGen       total 561152K, used 388236K [0x0000000080000000, 0x00000000a2400000, 0x00000000d5580000)
  object space 561152K, 69% used [0x0000000080000000,0x0000000097b23200,0x00000000a2400000)
 Metaspace       used 82196K, committed 83968K, reserved 1179648K
  class space    used 8426K, committed 9216K, reserved 1048576K
}
Event: 1135.080 GC heap before
{Heap before GC invocations=972 (full 4):
 PSYoungGen      total 6656K, used 5094K [0x00000000d5580000, 0x00000000d5e80000, 0x0000000100000000)
  eden space 3072K, 100% used [0x00000000d5580000,0x00000000d5880000,0x00000000d5880000)
  from space 3584K, 56% used [0x00000000d5880000,0x00000000d5a79870,0x00000000d5c00000)
  to   space 2560K, 0% used [0x00000000d5c00000,0x00000000d5c00000,0x00000000d5e80000)
 ParOldGen       total 561152K, used 388236K [0x0000000080000000, 0x00000000a2400000, 0x00000000d5580000)
  object space 561152K, 69% used [0x0000000080000000,0x0000000097b23200,0x00000000a2400000)
 Metaspace       used 82198K, committed 83968K, reserved 1179648K
  class space    used 8426K, committed 9216K, reserved 1048576K
}
Event: 1135.083 GC heap after
{Heap after GC invocations=972 (full 4):
 PSYoungGen      total 6144K, used 1799K [0x00000000d5580000, 0x00000000d5e00000, 0x0000000100000000)
  eden space 4096K, 0% used [0x00000000d5580000,0x00000000d5580000,0x00000000d5980000)
  from space 2048K, 87% used [0x00000000d5c00000,0x00000000d5dc1ca8,0x00000000d5e00000)
  to   space 2048K, 0% used [0x00000000d5a00000,0x00000000d5a00000,0x00000000d5c00000)
 ParOldGen       total 561152K, used 390127K [0x0000000080000000, 0x00000000a2400000, 0x00000000d5580000)
  object space 561152K, 69% used [0x0000000080000000,0x0000000097cfbda0,0x00000000a2400000)
 Metaspace       used 82198K, committed 83968K, reserved 1179648K
  class space    used 8426K, committed 9216K, reserved 1048576K
}
Event: 1135.100 GC heap before
{Heap before GC invocations=973 (full 4):
 PSYoungGen      total 6144K, used 5895K [0x00000000d5580000, 0x00000000d5e00000, 0x0000000100000000)
  eden space 4096K, 100% used [0x00000000d5580000,0x00000000d5980000,0x00000000d5980000)
  from space 2048K, 87% used [0x00000000d5c00000,0x00000000d5dc1ca8,0x00000000d5e00000)
  to   space 2048K, 0% used [0x00000000d5a00000,0x00000000d5a00000,0x00000000d5c00000)
 ParOldGen       total 561152K, used 390127K [0x0000000080000000, 0x00000000a2400000, 0x00000000d5580000)
  object space 561152K, 69% used [0x0000000080000000,0x0000000097cfbda0,0x00000000a2400000)
 Metaspace       used 82198K, committed 83968K, reserved 1179648K
  class space    used 8426K, committed 9216K, reserved 1048576K
}
Event: 1135.102 GC heap after
{Heap after GC invocations=973 (full 4):
 PSYoungGen      total 5632K, used 1056K [0x00000000d5580000, 0x00000000d5c80000, 0x0000000100000000)
  eden space 4096K, 0% used [0x00000000d5580000,0x00000000d5580000,0x00000000d5980000)
  from space 1536K, 68% used [0x00000000d5a00000,0x00000000d5b08000,0x00000000d5b80000)
  to   space 1024K, 0% used [0x00000000d5b80000,0x00000000d5b80000,0x00000000d5c80000)
 ParOldGen       total 561152K, used 391806K [0x0000000080000000, 0x00000000a2400000, 0x00000000d5580000)
  object space 561152K, 69% used [0x0000000080000000,0x0000000097e9f898,0x00000000a2400000)
 Metaspace       used 82198K, committed 83968K, reserved 1179648K
  class space    used 8426K, committed 9216K, reserved 1048576K
}
Event: 1135.344 GC heap before
{Heap before GC invocations=974 (full 4):
 PSYoungGen      total 5632K, used 5152K [0x00000000d5580000, 0x00000000d5c80000, 0x0000000100000000)
  eden space 4096K, 100% used [0x00000000d5580000,0x00000000d5980000,0x00000000d5980000)
  from space 1536K, 68% used [0x00000000d5a00000,0x00000000d5b08000,0x00000000d5b80000)
  to   space 1024K, 0% used [0x00000000d5b80000,0x00000000d5b80000,0x00000000d5c80000)
 ParOldGen       total 561152K, used 391806K [0x0000000080000000, 0x00000000a2400000, 0x00000000d5580000)
  object space 561152K, 69% used [0x0000000080000000,0x0000000097e9f898,0x00000000a2400000)
 Metaspace       used 82216K, committed 83968K, reserved 1179648K
  class space    used 8426K, committed 9216K, reserved 1048576K
}
Event: 1135.345 GC heap after
{Heap after GC invocations=974 (full 4):
 PSYoungGen      total 4608K, used 224K [0x00000000d5580000, 0x00000000d5c00000, 0x0000000100000000)
  eden space 4096K, 0% used [0x00000000d5580000,0x00000000d5580000,0x00000000d5980000)
  from space 512K, 43% used [0x00000000d5b80000,0x00000000d5bb8000,0x00000000d5c00000)
  to   space 1024K, 0% used [0x00000000d5a00000,0x00000000d5a00000,0x00000000d5b00000)
 ParOldGen       total 561152K, used 392703K [0x0000000080000000, 0x00000000a2400000, 0x00000000d5580000)
  object space 561152K, 69% used [0x0000000080000000,0x0000000097f7fee0,0x00000000a2400000)
 Metaspace       used 82216K, committed 83968K, reserved 1179648K
  class space    used 8426K, committed 9216K, reserved 1048576K
}
Event: 1135.359 GC heap before
{Heap before GC invocations=975 (full 4):
 PSYoungGen      total 4608K, used 4317K [0x00000000d5580000, 0x00000000d5c00000, 0x0000000100000000)
  eden space 4096K, 99% used [0x00000000d5580000,0x00000000d597f690,0x00000000d5980000)
  from space 512K, 43% used [0x00000000d5b80000,0x00000000d5bb8000,0x00000000d5c00000)
  to   space 1024K, 0% used [0x00000000d5a00000,0x00000000d5a00000,0x00000000d5b00000)
 ParOldGen       total 561152K, used 392703K [0x0000000080000000, 0x00000000a2400000, 0x00000000d5580000)
  object space 561152K, 69% used [0x0000000080000000,0x0000000097f7fee0,0x00000000a2400000)
 Metaspace       used 82217K, committed 83968K, reserved 1179648K
  class space    used 8426K, committed 9216K, reserved 1048576K
}
Event: 1135.360 GC heap after
{Heap after GC invocations=975 (full 4):
 PSYoungGen      total 5120K, used 224K [0x00000000d5580000, 0x00000000d5c00000, 0x0000000100000000)
  eden space 4096K, 0% used [0x00000000d5580000,0x00000000d5580000,0x00000000d5980000)
  from space 1024K, 21% used [0x00000000d5a00000,0x00000000d5a38000,0x00000000d5b00000)
  to   space 512K, 0% used [0x00000000d5b80000,0x00000000d5b80000,0x00000000d5c00000)
 ParOldGen       total 561152K, used 392781K [0x0000000080000000, 0x00000000a2400000, 0x00000000d5580000)
  object space 561152K, 69% used [0x0000000080000000,0x0000000097f936e0,0x00000000a2400000)
 Metaspace       used 82217K, committed 83968K, reserved 1179648K
  class space    used 8426K, committed 9216K, reserved 1048576K
}
Event: 1135.685 GC heap before
{Heap before GC invocations=976 (full 4):
 PSYoungGen      total 5120K, used 4320K [0x00000000d5580000, 0x00000000d5c00000, 0x0000000100000000)
  eden space 4096K, 100% used [0x00000000d5580000,0x00000000d5980000,0x00000000d5980000)
  from space 1024K, 21% used [0x00000000d5a00000,0x00000000d5a38000,0x00000000d5b00000)
  to   space 512K, 0% used [0x00000000d5b80000,0x00000000d5b80000,0x00000000d5c00000)
 ParOldGen       total 561152K, used 392781K [0x0000000080000000, 0x00000000a2400000, 0x00000000d5580000)
  object space 561152K, 69% used [0x0000000080000000,0x0000000097f936e0,0x00000000a2400000)
 Metaspace       used 82223K, committed 83968K, reserved 1179648K
  class space    used 8426K, committed 9216K, reserved 1048576K
}
Event: 1135.686 GC heap after
{Heap after GC invocations=976 (full 4):
 PSYoungGen      total 4608K, used 192K [0x00000000d5580000, 0x00000000d5c00000, 0x0000000100000000)
  eden space 4096K, 0% used [0x00000000d5580000,0x00000000d5580000,0x00000000d5980000)
  from space 512K, 37% used [0x00000000d5b80000,0x00000000d5bb0000,0x00000000d5c00000)
  to   space 512K, 0% used [0x00000000d5b00000,0x00000000d5b00000,0x00000000d5b80000)
 ParOldGen       total 561152K, used 392797K [0x0000000080000000, 0x00000000a2400000, 0x00000000d5580000)
  object space 561152K, 69% used [0x0000000080000000,0x0000000097f976e0,0x00000000a2400000)
 Metaspace       used 82223K, committed 83968K, reserved 1179648K
  class space    used 8426K, committed 9216K, reserved 1048576K
}
Event: 1669.553 GC heap before
{Heap before GC invocations=977 (full 4):
 PSYoungGen      total 4608K, used 4287K [0x00000000d5580000, 0x00000000d5c00000, 0x0000000100000000)
  eden space 4096K, 99% used [0x00000000d5580000,0x00000000d597ffe0,0x00000000d5980000)
  from space 512K, 37% used [0x00000000d5b80000,0x00000000d5bb0000,0x00000000d5c00000)
  to   space 512K, 0% used [0x00000000d5b00000,0x00000000d5b00000,0x00000000d5b80000)
 ParOldGen       total 561152K, used 392797K [0x0000000080000000, 0x00000000a2400000, 0x00000000d5580000)
  object space 561152K, 69% used [0x0000000080000000,0x0000000097f976e0,0x00000000a2400000)
 Metaspace       used 82249K, committed 83968K, reserved 1179648K
  class space    used 8427K, committed 9216K, reserved 1048576K
}
Event: 1669.554 GC heap after
{Heap after GC invocations=977 (full 4):
 PSYoungGen      total 4608K, used 288K [0x00000000d5580000, 0x00000000d5c00000, 0x0000000100000000)
  eden space 4096K, 0% used [0x00000000d5580000,0x00000000d5580000,0x00000000d5980000)
  from space 512K, 56% used [0x00000000d5b00000,0x00000000d5b48020,0x00000000d5b80000)
  to   space 512K, 0% used [0x00000000d5b80000,0x00000000d5b80000,0x00000000d5c00000)
 ParOldGen       total 561152K, used 392829K [0x0000000080000000, 0x00000000a2400000, 0x00000000d5580000)
  object space 561152K, 70% used [0x0000000080000000,0x0000000097f9f6e0,0x00000000a2400000)
 Metaspace       used 82249K, committed 83968K, reserved 1179648K
  class space    used 8427K, committed 9216K, reserved 1048576K
}

